<?xml version="1.0" encoding="UTF-8"?>
<testng-results skipped="0" failed="1" ignored="0" total="6" passed="5">
  <reporter-output>
  </reporter-output>
  <suite name="Default suite" duration-ms="74181" started-at="2018-10-20T20:27:24Z" finished-at="2018-10-20T20:28:38Z">
    <groups>
    </groups>
    <test name="Default test" duration-ms="74181" started-at="2018-10-20T20:27:24Z" finished-at="2018-10-20T20:28:38Z">
      <class name="com.virginmoney.OneYrFixedRateCashEISATest">
        <test-method status="PASS" signature="canGoTo1YrFRCEISAPage()[pri:1, instance:com.virginmoney.OneYrFixedRateCashEISATest@d2cc05a]" name="canGoTo1YrFRCEISAPage" duration-ms="8266" started-at="2018-10-20T21:27:24Z" finished-at="2018-10-20T21:27:33Z">
          <reporter-output>
          </reporter-output>
        </test-method> <!-- canGoTo1YrFRCEISAPage -->
        <test-method status="PASS" signature="cleanUp()[pri:0, instance:com.virginmoney.OneYrFixedRateCashEISATest@d2cc05a]" name="cleanUp" is-config="true" duration-ms="680" started-at="2018-10-20T21:27:33Z" finished-at="2018-10-20T21:27:33Z">
          <reporter-output>
          </reporter-output>
        </test-method> <!-- cleanUp -->
        <test-method status="PASS" signature="canValidateShortIntro()[pri:2, instance:com.virginmoney.OneYrFixedRateCashEISATest@d2cc05a]" name="canValidateShortIntro" duration-ms="6881" started-at="2018-10-20T21:27:33Z" finished-at="2018-10-20T21:27:40Z">
          <reporter-output>
          </reporter-output>
        </test-method> <!-- canValidateShortIntro -->
        <test-method status="PASS" signature="cleanUp()[pri:0, instance:com.virginmoney.OneYrFixedRateCashEISATest@d2cc05a]" name="cleanUp" is-config="true" duration-ms="637" started-at="2018-10-20T21:27:40Z" finished-at="2018-10-20T21:27:41Z">
          <reporter-output>
          </reporter-output>
        </test-method> <!-- cleanUp -->
        <test-method status="FAIL" signature="canValidateRateCard()[pri:3, instance:com.virginmoney.OneYrFixedRateCashEISATest@d2cc05a]" name="canValidateRateCard" duration-ms="9634" started-at="2018-10-20T21:27:41Z" finished-at="2018-10-20T21:27:50Z">
          <exception class="java.lang.AssertionError">
            <message>
              <![CDATA[expected [true] but found [false]]]>
            </message>
            <full-stacktrace>
              <![CDATA[java.lang.AssertionError: expected [true] but found [false]
	at org.testng.Assert.fail(Assert.java:94)
	at org.testng.Assert.failNotEquals(Assert.java:513)
	at org.testng.Assert.assertTrue(Assert.java:42)
	at org.testng.Assert.assertTrue(Assert.java:52)
	at com.virginmoney.OneYrFixedRateCashEISATest.canValidateRateCard(OneYrFixedRateCashEISATest.java:31)
	at sun.reflect.NativeMethodAccessorImpl.invoke0(Native Method)
	at sun.reflect.NativeMethodAccessorImpl.invoke(NativeMethodAccessorImpl.java:62)
	at sun.reflect.DelegatingMethodAccessorImpl.invoke(DelegatingMethodAccessorImpl.java:43)
	at java.lang.reflect.Method.invoke(Method.java:498)
	at org.testng.internal.MethodInvocationHelper.invokeMethod(MethodInvocationHelper.java:104)
	at org.testng.internal.Invoker.invokeMethod(Invoker.java:645)
	at org.testng.internal.Invoker.invokeTestMethod(Invoker.java:851)
	at org.testng.internal.Invoker.invokeTestMethods(Invoker.java:1177)
	at org.testng.internal.TestMethodWorker.invokeTestMethods(TestMethodWorker.java:129)
	at org.testng.internal.TestMethodWorker.run(TestMethodWorker.java:112)
	at org.testng.TestRunner.privateRun(TestRunner.java:756)
	at org.testng.TestRunner.run(TestRunner.java:610)
	at org.testng.SuiteRunner.runTest(SuiteRunner.java:387)
	at org.testng.SuiteRunner.runSequentially(SuiteRunner.java:382)
	at org.testng.SuiteRunner.privateRun(SuiteRunner.java:340)
	at org.testng.SuiteRunner.run(SuiteRunner.java:289)
	at org.testng.SuiteRunnerWorker.runSuite(SuiteRunnerWorker.java:52)
	at org.testng.SuiteRunnerWorker.run(SuiteRunnerWorker.java:86)
	at org.testng.TestNG.runSuitesSequentially(TestNG.java:1293)
	at org.testng.TestNG.runSuitesLocally(TestNG.java:1218)
	at org.testng.TestNG.runSuites(TestNG.java:1133)
	at org.testng.TestNG.run(TestNG.java:1104)
	at org.testng.remote.AbstractRemoteTestNG.run(AbstractRemoteTestNG.java:114)
	at org.testng.remote.RemoteTestNG.initAndRun(RemoteTestNG.java:251)
	at org.testng.remote.RemoteTestNG.main(RemoteTestNG.java:77)
]]>
            </full-stacktrace>
          </exception> <!-- java.lang.AssertionError -->
          <reporter-output>
          </reporter-output>
        </test-method> <!-- canValidateRateCard -->
        <test-method status="PASS" signature="cleanUp()[pri:0, instance:com.virginmoney.OneYrFixedRateCashEISATest@d2cc05a]" name="cleanUp" is-config="true" duration-ms="660" started-at="2018-10-20T21:27:50Z" finished-at="2018-10-20T21:27:51Z">
          <reporter-output>
          </reporter-output>
        </test-method> <!-- cleanUp -->
        <test-method status="PASS" signature="canValidateApplyButton()[pri:4, instance:com.virginmoney.OneYrFixedRateCashEISATest@d2cc05a]" name="canValidateApplyButton" duration-ms="8528" started-at="2018-10-20T21:27:51Z" finished-at="2018-10-20T21:28:00Z">
          <reporter-output>
          </reporter-output>
        </test-method> <!-- canValidateApplyButton -->
        <test-method status="PASS" signature="cleanUp()[pri:0, instance:com.virginmoney.OneYrFixedRateCashEISATest@d2cc05a]" name="cleanUp" is-config="true" duration-ms="643" started-at="2018-10-20T21:28:00Z" finished-at="2018-10-20T21:28:00Z">
          <reporter-output>
          </reporter-output>
        </test-method> <!-- cleanUp -->
        <test-method status="PASS" signature="canValidatePdf()[pri:5, instance:com.virginmoney.OneYrFixedRateCashEISATest@d2cc05a]" name="canValidatePdf" duration-ms="10371" started-at="2018-10-20T21:28:00Z" finished-at="2018-10-20T21:28:11Z">
          <reporter-output>
          </reporter-output>
        </test-method> <!-- canValidatePdf -->
        <test-method status="PASS" signature="cleanUp()[pri:0, instance:com.virginmoney.OneYrFixedRateCashEISATest@d2cc05a]" name="cleanUp" is-config="true" duration-ms="687" started-at="2018-10-20T21:28:11Z" finished-at="2018-10-20T21:28:11Z">
          <reporter-output>
          </reporter-output>
        </test-method> <!-- cleanUp -->
        <test-method status="PASS" signature="canValidateContent()[pri:6, instance:com.virginmoney.OneYrFixedRateCashEISATest@d2cc05a]" name="canValidateContent" duration-ms="26496" started-at="2018-10-20T21:28:11Z" finished-at="2018-10-20T21:28:38Z">
          <reporter-output>
          </reporter-output>
        </test-method> <!-- canValidateContent -->
        <test-method status="PASS" signature="cleanUp()[pri:0, instance:com.virginmoney.OneYrFixedRateCashEISATest@d2cc05a]" name="cleanUp" is-config="true" duration-ms="654" started-at="2018-10-20T21:28:38Z" finished-at="2018-10-20T21:28:38Z">
          <reporter-output>
          </reporter-output>
        </test-method> <!-- cleanUp -->
      </class> <!-- com.virginmoney.OneYrFixedRateCashEISATest -->
    </test> <!-- Default test -->
  </suite> <!-- Default suite -->
</testng-results>
