<?xml version="1.0" encoding="UTF-8"?>
<!-- Generated by org.testng.reporters.JUnitXMLReporter -->
<testsuite hostname="Ashwajit" ignored="0" name="Test" tests="32" failures="12" timestamp="09 Jun 2019 20:24:08 GMT" time="0.261" errors="0">
  <testcase name="@AfterMethod cleanUp" time="0.0" classname="com.virginmoney.FasTest">
    <failure type="java.lang.NullPointerException">
      <![CDATA[java.lang.NullPointerException
	at com.virginmoney.Browser.close(Browser.java:55)
	at com.virginmoney.FasTest.cleanUp(FasTest.java:17)
... Removed 27 stack frames]]>
    </failure>
  </testcase> <!-- @AfterMethod cleanUp -->
  <testcase name="@AfterMethod cleanUp" time="0.0" classname="com.virginmoney.SmokeTest">
    <failure type="java.lang.NullPointerException">
      <![CDATA[java.lang.NullPointerException
	at com.virginmoney.Browser.close(Browser.java:55)
	at com.virginmoney.SmokeTest.cleanUp(SmokeTest.java:18)
... Removed 27 stack frames]]>
    </failure>
  </testcase> <!-- @AfterMethod cleanUp -->
  <testcase name="@AfterMethod cleanUp" time="0.0" classname="com.virginmoney.OneYrFixedRateEBondTest">
    <failure type="java.lang.NullPointerException">
      <![CDATA[java.lang.NullPointerException
	at com.virginmoney.Browser.close(Browser.java:55)
	at com.virginmoney.OneYrFixedRateEBondTest.cleanUp(OneYrFixedRateEBondTest.java:17)
... Removed 27 stack frames]]>
    </failure>
  </testcase> <!-- @AfterMethod cleanUp -->
  <testcase name="@AfterMethod cleanUp" time="0.0" classname="com.virginmoney.DoubleTakeESaverTest">
    <failure type="java.lang.NullPointerException">
      <![CDATA[java.lang.NullPointerException
	at com.virginmoney.Browser.close(Browser.java:55)
	at com.virginmoney.DoubleTakeESaverTest.cleanUp(DoubleTakeESaverTest.java:18)
... Removed 27 stack frames]]>
    </failure>
  </testcase> <!-- @AfterMethod cleanUp -->
  <testcase name="@AfterMethod cleanUp" time="0.0" classname="com.virginmoney.HelpToBuyTest">
    <failure type="java.lang.NullPointerException">
      <![CDATA[java.lang.NullPointerException
	at com.virginmoney.Browser.close(Browser.java:55)
	at com.virginmoney.HelpToBuyTest.cleanUp(HelpToBuyTest.java:17)
... Removed 27 stack frames]]>
    </failure>
  </testcase> <!-- @AfterMethod cleanUp -->
  <testcase name="@AfterMethod cleanUp" time="0.0" classname="com.virginmoney.ManUtdDoubleTakeEISATest">
    <failure type="java.lang.NullPointerException">
      <![CDATA[java.lang.NullPointerException
	at com.virginmoney.Browser.close(Browser.java:55)
	at com.virginmoney.ManUtdDoubleTakeEISATest.cleanUp(ManUtdDoubleTakeEISATest.java:17)
... Removed 27 stack frames]]>
    </failure>
  </testcase> <!-- @AfterMethod cleanUp -->
  <testcase name="@AfterMethod cleanUp" time="0.0" classname="com.virginmoney.SavingsToBuyTest">
    <failure type="java.lang.NullPointerException">
      <![CDATA[java.lang.NullPointerException
	at com.virginmoney.Browser.close(Browser.java:55)
	at com.virginmoney.SavingsToBuyTest.cleanUp(SavingsToBuyTest.java:19)
... Removed 27 stack frames]]>
    </failure>
  </testcase> <!-- @AfterMethod cleanUp -->
  <testcase name="@AfterMethod cleanUp" time="0.0" classname="com.virginmoney.DoubleTakeEISATest">
    <failure type="java.lang.NullPointerException">
      <![CDATA[java.lang.NullPointerException
	at com.virginmoney.Browser.close(Browser.java:55)
	at com.virginmoney.DoubleTakeEISATest.cleanUp(DoubleTakeEISATest.java:17)
... Removed 27 stack frames]]>
    </failure>
  </testcase> <!-- @AfterMethod cleanUp -->
  <testcase name="@AfterMethod cleanUp" time="0.0" classname="com.virginmoney.ManUtdDoubleTakeESaverTest">
    <failure type="java.lang.NullPointerException">
      <![CDATA[java.lang.NullPointerException
	at com.virginmoney.Browser.close(Browser.java:55)
	at com.virginmoney.ManUtdDoubleTakeESaverTest.cleanUp(ManUtdDoubleTakeESaverTest.java:17)
... Removed 27 stack frames]]>
    </failure>
  </testcase> <!-- @AfterMethod cleanUp -->
  <testcase name="@AfterMethod cleanUp" time="0.0" classname="com.virginmoney.VirginAtlanticTest">
    <failure type="java.lang.NullPointerException">
      <![CDATA[java.lang.NullPointerException
	at com.virginmoney.Browser.close(Browser.java:55)
	at com.virginmoney.VirginAtlanticTest.cleanUp(VirginAtlanticTest.java:19)
... Removed 27 stack frames]]>
    </failure>
  </testcase> <!-- @AfterMethod cleanUp -->
  <testcase name="@AfterMethod cleanUp" time="0.0" classname="com.virginmoney.TwoYrFixedRateCashEISATest">
    <failure type="java.lang.NullPointerException">
      <![CDATA[java.lang.NullPointerException
	at com.virginmoney.Browser.close(Browser.java:55)
	at com.virginmoney.TwoYrFixedRateCashEISATest.cleanUp(TwoYrFixedRateCashEISATest.java:59)
... Removed 27 stack frames]]>
    </failure>
  </testcase> <!-- @AfterMethod cleanUp -->
  <testcase name="@AfterMethod cleanUp" time="0.0" classname="com.virginmoney.OneYrFixedRateCashEISATest">
    <failure type="java.lang.NullPointerException">
      <![CDATA[java.lang.NullPointerException
	at com.virginmoney.Browser.close(Browser.java:55)
	at com.virginmoney.OneYrFixedRateCashEISATest.cleanUp(OneYrFixedRateCashEISATest.java:160)
... Removed 27 stack frames]]>
    </failure>
  </testcase> <!-- @AfterMethod cleanUp -->
  <testcase name="@AfterMethod cleanUp" time="0.0" classname="com.virginmoney.TwoYrFixedRateCashEISATest">
    <skipped/>
  </testcase> <!-- @AfterMethod cleanUp -->
  <testcase name="@AfterMethod cleanUp" time="0.0" classname="com.virginmoney.OneYrFixedRateCashEISATest">
    <skipped/>
  </testcase> <!-- @AfterMethod cleanUp -->
  <testcase name="@AfterMethod cleanUp" time="0.0" classname="com.virginmoney.TwoYrFixedRateCashEISATest">
    <skipped/>
  </testcase> <!-- @AfterMethod cleanUp -->
  <testcase name="@AfterMethod cleanUp" time="0.0" classname="com.virginmoney.OneYrFixedRateCashEISATest">
    <skipped/>
  </testcase> <!-- @AfterMethod cleanUp -->
  <testcase name="@AfterMethod cleanUp" time="0.0" classname="com.virginmoney.TwoYrFixedRateCashEISATest">
    <skipped/>
  </testcase> <!-- @AfterMethod cleanUp -->
  <testcase name="@AfterMethod cleanUp" time="0.0" classname="com.virginmoney.OneYrFixedRateCashEISATest">
    <skipped/>
  </testcase> <!-- @AfterMethod cleanUp -->
  <testcase name="@AfterMethod cleanUp" time="0.0" classname="com.virginmoney.TwoYrFixedRateCashEISATest">
    <skipped/>
  </testcase> <!-- @AfterMethod cleanUp -->
  <testcase name="@AfterMethod cleanUp" time="0.0" classname="com.virginmoney.OneYrFixedRateCashEISATest">
    <skipped/>
  </testcase> <!-- @AfterMethod cleanUp -->
  <testcase name="@AfterMethod cleanUp" time="0.0" classname="com.virginmoney.TwoYrFixedRateCashEISATest">
    <skipped/>
  </testcase> <!-- @AfterMethod cleanUp -->
  <testcase name="@AfterMethod cleanUp" time="0.0" classname="com.virginmoney.OneYrFixedRateCashEISATest">
    <skipped/>
  </testcase> <!-- @AfterMethod cleanUp -->
  <testcase name="@AfterMethod cleanUp" time="0.0" classname="com.virginmoney.OneYrFixedRateCashEISATest">
    <skipped/>
  </testcase> <!-- @AfterMethod cleanUp -->
  <testcase name="@AfterMethod cleanUp" time="0.0" classname="com.virginmoney.OneYrFixedRateCashEISATest">
    <skipped/>
  </testcase> <!-- @AfterMethod cleanUp -->
  <testcase name="@AfterMethod cleanUp" time="0.0" classname="com.virginmoney.OneYrFixedRateCashEISATest">
    <skipped/>
  </testcase> <!-- @AfterMethod cleanUp -->
  <testcase name="@AfterMethod cleanUp" time="0.0" classname="com.virginmoney.OneYrFixedRateCashEISATest">
    <skipped/>
  </testcase> <!-- @AfterMethod cleanUp -->
  <testcase name="@AfterMethod cleanUp" time="0.0" classname="com.virginmoney.OneYrFixedRateCashEISATest">
    <skipped/>
  </testcase> <!-- @AfterMethod cleanUp -->
  <testcase name="@AfterMethod cleanUp" time="0.0" classname="com.virginmoney.OneYrFixedRateCashEISATest">
    <skipped/>
  </testcase> <!-- @AfterMethod cleanUp -->
  <testcase name="@AfterMethod cleanUp" time="0.0" classname="com.virginmoney.OneYrFixedRateCashEISATest">
    <skipped/>
  </testcase> <!-- @AfterMethod cleanUp -->
  <testcase name="@AfterMethod cleanUp" time="0.0" classname="com.virginmoney.OneYrFixedRateCashEISATest">
    <skipped/>
  </testcase> <!-- @AfterMethod cleanUp -->
  <testcase name="@AfterMethod cleanUp" time="0.0" classname="com.virginmoney.OneYrFixedRateCashEISATest">
    <skipped/>
  </testcase> <!-- @AfterMethod cleanUp -->
  <testcase name="@AfterMethod cleanUp" time="0.0" classname="com.virginmoney.OneYrFixedRateCashEISATest">
    <skipped/>
  </testcase> <!-- @AfterMethod cleanUp -->
  <testcase name="canGoToFasPage" time="0.052" classname="com.virginmoney.FasTest">
    <failure type="java.lang.IllegalStateException" message="The driver executable does not exist: C:\Users\ashwa\Downloads\chromedriver">
      <![CDATA[java.lang.IllegalStateException: The driver executable does not exist: C:\Users\ashwa\Downloads\chromedriver
	at com.google.common.base.Preconditions.checkState(Preconditions.java:585)
	at org.openqa.selenium.remote.service.DriverService.checkExecutable(DriverService.java:137)
	at org.openqa.selenium.remote.service.DriverService.findExecutable(DriverService.java:132)
	at org.openqa.selenium.chrome.ChromeDriverService.access$000(ChromeDriverService.java:35)
	at org.openqa.selenium.chrome.ChromeDriverService$Builder.findDefaultExecutable(ChromeDriverService.java:156)
	at org.openqa.selenium.remote.service.DriverService$Builder.build(DriverService.java:346)
	at org.openqa.selenium.chrome.ChromeDriverService.createDefaultService(ChromeDriverService.java:91)
	at org.openqa.selenium.chrome.ChromeDriver.<init>(ChromeDriver.java:123)
	at com.virginmoney.Browser.goTo(Browser.java:31)
	at com.virginmoney.FasPage.goTo(FasPage.java:12)
	at com.virginmoney.FasTest.canGoToFasPage(FasTest.java:11)
... Removed 25 stack frames]]>
    </failure>
  </testcase> <!-- canGoToFasPage -->
  <testcase name="canGoToFasPage" time="0.005" classname="com.virginmoney.SmokeTest">
    <failure type="java.lang.IllegalStateException" message="The driver executable does not exist: C:\Users\ashwa\Downloads\chromedriver">
      <![CDATA[java.lang.IllegalStateException: The driver executable does not exist: C:\Users\ashwa\Downloads\chromedriver
	at com.google.common.base.Preconditions.checkState(Preconditions.java:585)
	at org.openqa.selenium.remote.service.DriverService.checkExecutable(DriverService.java:137)
	at org.openqa.selenium.remote.service.DriverService.findExecutable(DriverService.java:132)
	at org.openqa.selenium.chrome.ChromeDriverService.access$000(ChromeDriverService.java:35)
	at org.openqa.selenium.chrome.ChromeDriverService$Builder.findDefaultExecutable(ChromeDriverService.java:156)
	at org.openqa.selenium.remote.service.DriverService$Builder.build(DriverService.java:346)
	at org.openqa.selenium.chrome.ChromeDriverService.createDefaultService(ChromeDriverService.java:91)
	at org.openqa.selenium.chrome.ChromeDriver.<init>(ChromeDriver.java:123)
	at com.virginmoney.Browser.goTo(Browser.java:31)
	at com.virginmoney.FasPage.goTo(FasPage.java:12)
	at com.virginmoney.SmokeTest.canGoToFasPage(SmokeTest.java:11)
... Removed 25 stack frames]]>
    </failure>
  </testcase> <!-- canGoToFasPage -->
  <testcase name="canGoToOneYrFixedRateEBondPage" time="0.007" classname="com.virginmoney.OneYrFixedRateEBondTest">
    <failure type="java.lang.IllegalStateException" message="The driver executable does not exist: C:\Users\ashwa\Downloads\chromedriver">
      <![CDATA[java.lang.IllegalStateException: The driver executable does not exist: C:\Users\ashwa\Downloads\chromedriver
	at com.google.common.base.Preconditions.checkState(Preconditions.java:585)
	at org.openqa.selenium.remote.service.DriverService.checkExecutable(DriverService.java:137)
	at org.openqa.selenium.remote.service.DriverService.findExecutable(DriverService.java:132)
	at org.openqa.selenium.chrome.ChromeDriverService.access$000(ChromeDriverService.java:35)
	at org.openqa.selenium.chrome.ChromeDriverService$Builder.findDefaultExecutable(ChromeDriverService.java:156)
	at org.openqa.selenium.remote.service.DriverService$Builder.build(DriverService.java:346)
	at org.openqa.selenium.chrome.ChromeDriverService.createDefaultService(ChromeDriverService.java:91)
	at org.openqa.selenium.chrome.ChromeDriver.<init>(ChromeDriver.java:123)
	at com.virginmoney.Browser.goTo(Browser.java:31)
	at com.virginmoney.OneYrFixedRateEBond.goTo(OneYrFixedRateEBond.java:12)
	at com.virginmoney.OneYrFixedRateEBondTest.canGoToOneYrFixedRateEBondPage(OneYrFixedRateEBondTest.java:11)
... Removed 25 stack frames]]>
    </failure>
  </testcase> <!-- canGoToOneYrFixedRateEBondPage -->
  <testcase name="canGoToDoubleTakeESaverPage" time="0.005" classname="com.virginmoney.DoubleTakeESaverTest">
    <failure type="java.lang.IllegalStateException" message="The driver executable does not exist: C:\Users\ashwa\Downloads\chromedriver">
      <![CDATA[java.lang.IllegalStateException: The driver executable does not exist: C:\Users\ashwa\Downloads\chromedriver
	at com.google.common.base.Preconditions.checkState(Preconditions.java:585)
	at org.openqa.selenium.remote.service.DriverService.checkExecutable(DriverService.java:137)
	at org.openqa.selenium.remote.service.DriverService.findExecutable(DriverService.java:132)
	at org.openqa.selenium.chrome.ChromeDriverService.access$000(ChromeDriverService.java:35)
	at org.openqa.selenium.chrome.ChromeDriverService$Builder.findDefaultExecutable(ChromeDriverService.java:156)
	at org.openqa.selenium.remote.service.DriverService$Builder.build(DriverService.java:346)
	at org.openqa.selenium.chrome.ChromeDriverService.createDefaultService(ChromeDriverService.java:91)
	at org.openqa.selenium.chrome.ChromeDriver.<init>(ChromeDriver.java:123)
	at com.virginmoney.Browser.goTo(Browser.java:31)
	at com.virginmoney.DoubleTakeESaver.goTo(DoubleTakeESaver.java:12)
	at com.virginmoney.DoubleTakeESaverTest.canGoToDoubleTakeESaverPage(DoubleTakeESaverTest.java:11)
... Removed 25 stack frames]]>
    </failure>
  </testcase> <!-- canGoToDoubleTakeESaverPage -->
  <testcase name="canGoToHelpToBuyPage" time="0.006" classname="com.virginmoney.HelpToBuyTest">
    <failure type="java.lang.IllegalStateException" message="The driver executable does not exist: C:\Users\ashwa\Downloads\chromedriver">
      <![CDATA[java.lang.IllegalStateException: The driver executable does not exist: C:\Users\ashwa\Downloads\chromedriver
	at com.google.common.base.Preconditions.checkState(Preconditions.java:585)
	at org.openqa.selenium.remote.service.DriverService.checkExecutable(DriverService.java:137)
	at org.openqa.selenium.remote.service.DriverService.findExecutable(DriverService.java:132)
	at org.openqa.selenium.chrome.ChromeDriverService.access$000(ChromeDriverService.java:35)
	at org.openqa.selenium.chrome.ChromeDriverService$Builder.findDefaultExecutable(ChromeDriverService.java:156)
	at org.openqa.selenium.remote.service.DriverService$Builder.build(DriverService.java:346)
	at org.openqa.selenium.chrome.ChromeDriverService.createDefaultService(ChromeDriverService.java:91)
	at org.openqa.selenium.chrome.ChromeDriver.<init>(ChromeDriver.java:123)
	at com.virginmoney.Browser.goTo(Browser.java:31)
	at com.virginmoney.HelpToBuy.goTo(HelpToBuy.java:12)
	at com.virginmoney.HelpToBuyTest.canGoToHelpToBuyPage(HelpToBuyTest.java:11)
... Removed 25 stack frames]]>
    </failure>
  </testcase> <!-- canGoToHelpToBuyPage -->
  <testcase name="canGoToManUtdDoubleTakeEISAPage" time="0.006" classname="com.virginmoney.ManUtdDoubleTakeEISATest">
    <failure type="java.lang.IllegalStateException" message="The driver executable does not exist: C:\Users\ashwa\Downloads\chromedriver">
      <![CDATA[java.lang.IllegalStateException: The driver executable does not exist: C:\Users\ashwa\Downloads\chromedriver
	at com.google.common.base.Preconditions.checkState(Preconditions.java:585)
	at org.openqa.selenium.remote.service.DriverService.checkExecutable(DriverService.java:137)
	at org.openqa.selenium.remote.service.DriverService.findExecutable(DriverService.java:132)
	at org.openqa.selenium.chrome.ChromeDriverService.access$000(ChromeDriverService.java:35)
	at org.openqa.selenium.chrome.ChromeDriverService$Builder.findDefaultExecutable(ChromeDriverService.java:156)
	at org.openqa.selenium.remote.service.DriverService$Builder.build(DriverService.java:346)
	at org.openqa.selenium.chrome.ChromeDriverService.createDefaultService(ChromeDriverService.java:91)
	at org.openqa.selenium.chrome.ChromeDriver.<init>(ChromeDriver.java:123)
	at com.virginmoney.Browser.goTo(Browser.java:31)
	at com.virginmoney.ManUtdDoubleTakeEISA.goTo(ManUtdDoubleTakeEISA.java:12)
	at com.virginmoney.ManUtdDoubleTakeEISATest.canGoToManUtdDoubleTakeEISAPage(ManUtdDoubleTakeEISATest.java:11)
... Removed 25 stack frames]]>
    </failure>
  </testcase> <!-- canGoToManUtdDoubleTakeEISAPage -->
  <testcase name="canGoToSavingsToBuyPage" time="0.005" classname="com.virginmoney.SavingsToBuyTest">
    <failure type="java.lang.IllegalStateException" message="The driver executable does not exist: C:\Users\ashwa\Downloads\chromedriver">
      <![CDATA[java.lang.IllegalStateException: The driver executable does not exist: C:\Users\ashwa\Downloads\chromedriver
	at com.google.common.base.Preconditions.checkState(Preconditions.java:585)
	at org.openqa.selenium.remote.service.DriverService.checkExecutable(DriverService.java:137)
	at org.openqa.selenium.remote.service.DriverService.findExecutable(DriverService.java:132)
	at org.openqa.selenium.chrome.ChromeDriverService.access$000(ChromeDriverService.java:35)
	at org.openqa.selenium.chrome.ChromeDriverService$Builder.findDefaultExecutable(ChromeDriverService.java:156)
	at org.openqa.selenium.remote.service.DriverService$Builder.build(DriverService.java:346)
	at org.openqa.selenium.chrome.ChromeDriverService.createDefaultService(ChromeDriverService.java:91)
	at org.openqa.selenium.chrome.ChromeDriver.<init>(ChromeDriver.java:123)
	at com.virginmoney.Browser.goTo(Browser.java:31)
	at com.virginmoney.SavingsToBuy.goTo(SavingsToBuy.java:12)
	at com.virginmoney.SavingsToBuyTest.canGoToSavingsToBuyPage(SavingsToBuyTest.java:13)
... Removed 25 stack frames]]>
    </failure>
  </testcase> <!-- canGoToSavingsToBuyPage -->
  <testcase name="canGoToDoubleTakeEISAPage" time="0.005" classname="com.virginmoney.DoubleTakeEISATest">
    <failure type="java.lang.IllegalStateException" message="The driver executable does not exist: C:\Users\ashwa\Downloads\chromedriver">
      <![CDATA[java.lang.IllegalStateException: The driver executable does not exist: C:\Users\ashwa\Downloads\chromedriver
	at com.google.common.base.Preconditions.checkState(Preconditions.java:585)
	at org.openqa.selenium.remote.service.DriverService.checkExecutable(DriverService.java:137)
	at org.openqa.selenium.remote.service.DriverService.findExecutable(DriverService.java:132)
	at org.openqa.selenium.chrome.ChromeDriverService.access$000(ChromeDriverService.java:35)
	at org.openqa.selenium.chrome.ChromeDriverService$Builder.findDefaultExecutable(ChromeDriverService.java:156)
	at org.openqa.selenium.remote.service.DriverService$Builder.build(DriverService.java:346)
	at org.openqa.selenium.chrome.ChromeDriverService.createDefaultService(ChromeDriverService.java:91)
	at org.openqa.selenium.chrome.ChromeDriver.<init>(ChromeDriver.java:123)
	at com.virginmoney.Browser.goTo(Browser.java:31)
	at com.virginmoney.DoubleTakeEISA.goTo(DoubleTakeEISA.java:12)
	at com.virginmoney.DoubleTakeEISATest.canGoToDoubleTakeEISAPage(DoubleTakeEISATest.java:11)
... Removed 25 stack frames]]>
    </failure>
  </testcase> <!-- canGoToDoubleTakeEISAPage -->
  <testcase name="canGoToManUtdDoubleTakeESaverPage" time="0.005" classname="com.virginmoney.ManUtdDoubleTakeESaverTest">
    <failure type="java.lang.IllegalStateException" message="The driver executable does not exist: C:\Users\ashwa\Downloads\chromedriver">
      <![CDATA[java.lang.IllegalStateException: The driver executable does not exist: C:\Users\ashwa\Downloads\chromedriver
	at com.google.common.base.Preconditions.checkState(Preconditions.java:585)
	at org.openqa.selenium.remote.service.DriverService.checkExecutable(DriverService.java:137)
	at org.openqa.selenium.remote.service.DriverService.findExecutable(DriverService.java:132)
	at org.openqa.selenium.chrome.ChromeDriverService.access$000(ChromeDriverService.java:35)
	at org.openqa.selenium.chrome.ChromeDriverService$Builder.findDefaultExecutable(ChromeDriverService.java:156)
	at org.openqa.selenium.remote.service.DriverService$Builder.build(DriverService.java:346)
	at org.openqa.selenium.chrome.ChromeDriverService.createDefaultService(ChromeDriverService.java:91)
	at org.openqa.selenium.chrome.ChromeDriver.<init>(ChromeDriver.java:123)
	at com.virginmoney.Browser.goTo(Browser.java:31)
	at com.virginmoney.ManUtdDoubleTakeESaver.goTo(ManUtdDoubleTakeESaver.java:12)
	at com.virginmoney.ManUtdDoubleTakeESaverTest.canGoToManUtdDoubleTakeESaverPage(ManUtdDoubleTakeESaverTest.java:11)
... Removed 25 stack frames]]>
    </failure>
  </testcase> <!-- canGoToManUtdDoubleTakeESaverPage -->
  <testcase name="canGoToVirginAtlanticPage" time="0.004" classname="com.virginmoney.VirginAtlanticTest">
    <failure type="java.lang.IllegalStateException" message="The driver executable does not exist: C:\Users\ashwa\Downloads\chromedriver">
      <![CDATA[java.lang.IllegalStateException: The driver executable does not exist: C:\Users\ashwa\Downloads\chromedriver
	at com.google.common.base.Preconditions.checkState(Preconditions.java:585)
	at org.openqa.selenium.remote.service.DriverService.checkExecutable(DriverService.java:137)
	at org.openqa.selenium.remote.service.DriverService.findExecutable(DriverService.java:132)
	at org.openqa.selenium.chrome.ChromeDriverService.access$000(ChromeDriverService.java:35)
	at org.openqa.selenium.chrome.ChromeDriverService$Builder.findDefaultExecutable(ChromeDriverService.java:156)
	at org.openqa.selenium.remote.service.DriverService$Builder.build(DriverService.java:346)
	at org.openqa.selenium.chrome.ChromeDriverService.createDefaultService(ChromeDriverService.java:91)
	at org.openqa.selenium.chrome.ChromeDriver.<init>(ChromeDriver.java:123)
	at com.virginmoney.Browser.goTo(Browser.java:31)
	at com.virginmoney.VirginAtlantic.goTo(VirginAtlantic.java:11)
	at com.virginmoney.VirginAtlanticTest.canGoToVirginAtlanticPage(VirginAtlanticTest.java:13)
... Removed 25 stack frames]]>
    </failure>
  </testcase> <!-- canGoToVirginAtlanticPage -->
  <testcase name="canGoTo2YrFRCEISAPage" time="0.028" classname="com.virginmoney.TwoYrFixedRateCashEISATest">
    <failure type="java.lang.IllegalStateException" message="The driver executable does not exist: C:\Users\ashwa\Downloads\chromedriver">
      <![CDATA[java.lang.IllegalStateException: The driver executable does not exist: C:\Users\ashwa\Downloads\chromedriver
	at com.google.common.base.Preconditions.checkState(Preconditions.java:585)
	at org.openqa.selenium.remote.service.DriverService.checkExecutable(DriverService.java:137)
	at org.openqa.selenium.remote.service.DriverService.findExecutable(DriverService.java:132)
	at org.openqa.selenium.chrome.ChromeDriverService.access$000(ChromeDriverService.java:35)
	at org.openqa.selenium.chrome.ChromeDriverService$Builder.findDefaultExecutable(ChromeDriverService.java:156)
	at org.openqa.selenium.remote.service.DriverService$Builder.build(DriverService.java:346)
	at org.openqa.selenium.chrome.ChromeDriverService.createDefaultService(ChromeDriverService.java:91)
	at org.openqa.selenium.chrome.ChromeDriver.<init>(ChromeDriver.java:123)
	at com.virginmoney.Browser.goTo(Browser.java:31)
	at com.virginmoney.TwoYrFRCEISA.goTo(TwoYrFRCEISA.java:46)
	at com.virginmoney.TwoYrFixedRateCashEISATest.canGoTo2YrFRCEISAPage(TwoYrFixedRateCashEISATest.java:13)
... Removed 25 stack frames]]>
    </failure>
  </testcase> <!-- canGoTo2YrFRCEISAPage -->
  <testcase name="canGoTo1YrFRCEISAPage" time="0.012" classname="com.virginmoney.OneYrFixedRateCashEISATest">
    <failure type="java.lang.IllegalStateException" message="The driver executable does not exist: C:\Users\ashwa\Downloads\chromedriver">
      <![CDATA[java.lang.IllegalStateException: The driver executable does not exist: C:\Users\ashwa\Downloads\chromedriver
	at com.google.common.base.Preconditions.checkState(Preconditions.java:585)
	at org.openqa.selenium.remote.service.DriverService.checkExecutable(DriverService.java:137)
	at org.openqa.selenium.remote.service.DriverService.findExecutable(DriverService.java:132)
	at org.openqa.selenium.chrome.ChromeDriverService.access$000(ChromeDriverService.java:35)
	at org.openqa.selenium.chrome.ChromeDriverService$Builder.findDefaultExecutable(ChromeDriverService.java:156)
	at org.openqa.selenium.remote.service.DriverService$Builder.build(DriverService.java:346)
	at org.openqa.selenium.chrome.ChromeDriverService.createDefaultService(ChromeDriverService.java:91)
	at org.openqa.selenium.chrome.ChromeDriver.<init>(ChromeDriver.java:123)
	at com.virginmoney.Browser.goTo(Browser.java:31)
	at com.virginmoney.OneYrFRCEISA.goTo(OneYrFRCEISA.java:107)
	at com.virginmoney.OneYrFixedRateCashEISATest.canGoTo1YrFRCEISAPage(OneYrFixedRateCashEISATest.java:14)
... Removed 25 stack frames]]>
    </failure>
  </testcase> <!-- canGoTo1YrFRCEISAPage -->
  <testcase name="canValidateShortIntro" time="0.001" classname="com.virginmoney.TwoYrFixedRateCashEISATest">
    <skipped/>
  </testcase> <!-- canValidateShortIntro -->
  <testcase name="canValidateSummaryBoxPdf" time="0.002" classname="com.virginmoney.OneYrFixedRateCashEISATest">
    <skipped/>
  </testcase> <!-- canValidateSummaryBoxPdf -->
  <testcase name="canValidateRateCard" time="0.001" classname="com.virginmoney.TwoYrFixedRateCashEISATest">
    <skipped/>
  </testcase> <!-- canValidateRateCard -->
  <testcase name="canValidatePdf" time="0.001" classname="com.virginmoney.OneYrFixedRateCashEISATest">
    <skipped/>
  </testcase> <!-- canValidatePdf -->
  <testcase name="canValidateApplyButton" time="0.001" classname="com.virginmoney.TwoYrFixedRateCashEISATest">
    <skipped/>
  </testcase> <!-- canValidateApplyButton -->
  <testcase name="canValidateTCPdf" time="0.0" classname="com.virginmoney.OneYrFixedRateCashEISATest">
    <skipped/>
  </testcase> <!-- canValidateTCPdf -->
  <testcase name="canValidatePdf" time="0.001" classname="com.virginmoney.TwoYrFixedRateCashEISATest">
    <skipped/>
  </testcase> <!-- canValidatePdf -->
  <testcase name="canValidateFscsPdf" time="0.001" classname="com.virginmoney.OneYrFixedRateCashEISATest">
    <skipped/>
  </testcase> <!-- canValidateFscsPdf -->
  <testcase name="canValidateContent" time="0.001" classname="com.virginmoney.TwoYrFixedRateCashEISATest">
    <skipped/>
  </testcase> <!-- canValidateContent -->
  <testcase name="canValidateFSCSImage" time="0.001" classname="com.virginmoney.OneYrFixedRateCashEISATest">
    <skipped/>
  </testcase> <!-- canValidateFSCSImage -->
  <testcase name="canValidateHelp_GuideImage" time="0.0" classname="com.virginmoney.OneYrFixedRateCashEISATest">
    <skipped/>
  </testcase> <!-- canValidateHelp_GuideImage -->
  <testcase name="canValidateApplyNow" time="0.001" classname="com.virginmoney.OneYrFixedRateCashEISATest">
    <skipped/>
  </testcase> <!-- canValidateApplyNow -->
  <testcase name="canValidateReadSummaryBoxLink" time="0.0" classname="com.virginmoney.OneYrFixedRateCashEISATest">
    <skipped/>
  </testcase> <!-- canValidateReadSummaryBoxLink -->
  <testcase name="canValidateSignInAndApply" time="0.001" classname="com.virginmoney.OneYrFixedRateCashEISATest">
    <skipped/>
  </testcase> <!-- canValidateSignInAndApply -->
  <testcase name="canValidateContent" time="0.0" classname="com.virginmoney.OneYrFixedRateCashEISATest">
    <skipped/>
  </testcase> <!-- canValidateContent -->
  <testcase name="canValidateApplyButton" time="0.0" classname="com.virginmoney.OneYrFixedRateCashEISATest">
    <skipped/>
  </testcase> <!-- canValidateApplyButton -->
  <testcase name="canValidateRateCard" time="0.0" classname="com.virginmoney.OneYrFixedRateCashEISATest">
    <skipped/>
  </testcase> <!-- canValidateRateCard -->
  <testcase name="canValidateShortIntro" time="0.0" classname="com.virginmoney.OneYrFixedRateCashEISATest">
    <skipped/>
  </testcase> <!-- canValidateShortIntro -->
  <testcase name="canValidateProductName" time="0.0" classname="com.virginmoney.OneYrFixedRateCashEISATest">
    <skipped/>
  </testcase> <!-- canValidateProductName -->
  <testcase name="canValidatePrintSummaryBox" time="0.001" classname="com.virginmoney.OneYrFixedRateCashEISATest">
    <skipped/>
  </testcase> <!-- canValidatePrintSummaryBox -->
</testsuite> <!-- Test -->
