<?xml version="1.0" encoding="UTF-8"?>
<!-- Generated by org.testng.reporters.JUnitReportReporter -->
<testsuite name="com.virginmoney.OneYrFixedRateCashEISATest" tests="17" time="0.164" ignored="0" failures="0" timestamp="09 Jun 2019 21:30:21 GMT" skipped="15" hostname="Ashwajit" errors="2">
  <testcase name="canValidateApplyNow" time="0.001" classname="com.virginmoney.OneYrFixedRateCashEISATest">
    <skipped/>
  </testcase> <!-- canValidateApplyNow -->
  <testcase name="canValidateSummaryBoxPdf" time="0.001" classname="com.virginmoney.OneYrFixedRateCashEISATest">
    <skipped/>
  </testcase> <!-- canValidateSummaryBoxPdf -->
  <testcase name="canValidateRateCard" time="0.000" classname="com.virginmoney.OneYrFixedRateCashEISATest">
    <skipped/>
  </testcase> <!-- canValidateRateCard -->
  <testcase name="canValidatePdf" time="0.001" classname="com.virginmoney.OneYrFixedRateCashEISATest">
    <skipped/>
  </testcase> <!-- canValidatePdf -->
  <testcase name="canValidateFscsPdf" time="0.001" classname="com.virginmoney.OneYrFixedRateCashEISATest">
    <skipped/>
  </testcase> <!-- canValidateFscsPdf -->
  <testcase name="canValidateTCPdf" time="0.000" classname="com.virginmoney.OneYrFixedRateCashEISATest">
    <skipped/>
  </testcase> <!-- canValidateTCPdf -->
  <testcase name="canValidatePrintSummaryBox" time="0.002" classname="com.virginmoney.OneYrFixedRateCashEISATest">
    <skipped/>
  </testcase> <!-- canValidatePrintSummaryBox -->
  <testcase name="canValidateContent" time="0.000" classname="com.virginmoney.OneYrFixedRateCashEISATest">
    <skipped/>
  </testcase> <!-- canValidateContent -->
  <testcase name="canValidateHelp_GuideImage" time="0.001" classname="com.virginmoney.OneYrFixedRateCashEISATest">
    <skipped/>
  </testcase> <!-- canValidateHelp_GuideImage -->
  <testcase name="canValidateSignInAndApply" time="0.000" classname="com.virginmoney.OneYrFixedRateCashEISATest">
    <skipped/>
  </testcase> <!-- canValidateSignInAndApply -->
  <testcase name="canValidateFSCSImage" time="0.000" classname="com.virginmoney.OneYrFixedRateCashEISATest">
    <skipped/>
  </testcase> <!-- canValidateFSCSImage -->
  <testcase name="canGoTo1YrFRCEISAPage" time="0.153" classname="com.virginmoney.OneYrFixedRateCashEISATest">
    <error type="org.openqa.selenium.WebDriverException" message="Cannot find firefox binary in PATH. Make sure firefox is installed. OS appears to be: WIN10
Build info: version: &#039;3.14.0&#039;, revision: &#039;aacccce0&#039;, time: &#039;2018-08-02T20:19:58.91Z&#039;
System info: host: &#039;ASHWAJIT&#039;, ip: &#039;192.168.11.2&#039;, os.name: &#039;Windows 10&#039;, os.arch: &#039;amd64&#039;, os.version: &#039;10.0&#039;, java.version: &#039;1.8.0_211&#039;
Driver info: driver.version: FirefoxDriver">
      <![CDATA[org.openqa.selenium.WebDriverException: Cannot find firefox binary in PATH. Make sure firefox is installed. OS appears to be: WIN10
Build info: version: '3.14.0', revision: 'aacccce0', time: '2018-08-02T20:19:58.91Z'
System info: host: 'ASHWAJIT', ip: '192.168.11.2', os.name: 'Windows 10', os.arch: 'amd64', os.version: '10.0', java.version: '1.8.0_211'
Driver info: driver.version: FirefoxDriver
	at org.openqa.selenium.firefox.FirefoxBinary.<init>(FirefoxBinary.java:116)
	at java.util.Optional.orElseGet(Optional.java:267)
	at org.openqa.selenium.firefox.FirefoxOptions.getBinary(FirefoxOptions.java:216)
	at org.openqa.selenium.firefox.FirefoxDriver.toExecutor(FirefoxDriver.java:165)
	at org.openqa.selenium.firefox.FirefoxDriver.<init>(FirefoxDriver.java:125)
	at org.openqa.selenium.firefox.FirefoxDriver.<init>(FirefoxDriver.java:103)
	at com.virginmoney.Browser.goTo(Browser.java:35)
	at com.virginmoney.OneYrFRCEISA.goTo(OneYrFRCEISA.java:107)
	at com.virginmoney.OneYrFixedRateCashEISATest.canGoTo1YrFRCEISAPage(OneYrFixedRateCashEISATest.java:14)
	at sun.reflect.NativeMethodAccessorImpl.invoke0(Native Method)
	at sun.reflect.NativeMethodAccessorImpl.invoke(NativeMethodAccessorImpl.java:62)
	at sun.reflect.DelegatingMethodAccessorImpl.invoke(DelegatingMethodAccessorImpl.java:43)
	at java.lang.reflect.Method.invoke(Method.java:498)
	at org.testng.internal.MethodInvocationHelper.invokeMethod(MethodInvocationHelper.java:104)
	at org.testng.internal.Invoker.invokeMethod(Invoker.java:645)
	at org.testng.internal.Invoker.invokeTestMethod(Invoker.java:851)
	at org.testng.internal.Invoker.invokeTestMethods(Invoker.java:1177)
	at org.testng.internal.TestMethodWorker.invokeTestMethods(TestMethodWorker.java:129)
	at org.testng.internal.TestMethodWorker.run(TestMethodWorker.java:112)
	at org.testng.TestRunner.privateRun(TestRunner.java:756)
	at org.testng.TestRunner.run(TestRunner.java:610)
	at org.testng.SuiteRunner.runTest(SuiteRunner.java:387)
	at org.testng.SuiteRunner.runSequentially(SuiteRunner.java:382)
	at org.testng.SuiteRunner.privateRun(SuiteRunner.java:340)
	at org.testng.SuiteRunner.run(SuiteRunner.java:289)
	at org.testng.SuiteRunnerWorker.runSuite(SuiteRunnerWorker.java:52)
	at org.testng.SuiteRunnerWorker.run(SuiteRunnerWorker.java:86)
	at org.testng.TestNG.runSuitesSequentially(TestNG.java:1293)
	at org.testng.TestNG.runSuitesLocally(TestNG.java:1218)
	at org.testng.TestNG.runSuites(TestNG.java:1133)
	at org.testng.TestNG.run(TestNG.java:1104)
	at org.testng.remote.AbstractRemoteTestNG.run(AbstractRemoteTestNG.java:115)
	at org.testng.remote.RemoteTestNG.initAndRun(RemoteTestNG.java:251)
	at org.testng.remote.RemoteTestNG.main(RemoteTestNG.java:77)
]]>
    </error>
  </testcase> <!-- canGoTo1YrFRCEISAPage -->
  <testcase name="canValidateReadSummaryBoxLink" time="0.001" classname="com.virginmoney.OneYrFixedRateCashEISATest">
    <skipped/>
  </testcase> <!-- canValidateReadSummaryBoxLink -->
  <testcase name="canValidateProductName" time="0.001" classname="com.virginmoney.OneYrFixedRateCashEISATest">
    <skipped/>
  </testcase> <!-- canValidateProductName -->
  <testcase name="canValidateShortIntro" time="0.001" classname="com.virginmoney.OneYrFixedRateCashEISATest">
    <skipped/>
  </testcase> <!-- canValidateShortIntro -->
  <testcase name="canValidateApplyButton" time="0.001" classname="com.virginmoney.OneYrFixedRateCashEISATest">
    <skipped/>
  </testcase> <!-- canValidateApplyButton -->
  <testcase name="cleanUp" time="0.000" classname="com.virginmoney.OneYrFixedRateCashEISATest">
    <error type="java.lang.NullPointerException">
      <![CDATA[java.lang.NullPointerException
	at com.virginmoney.Browser.close(Browser.java:56)
	at com.virginmoney.OneYrFixedRateCashEISATest.cleanUp(OneYrFixedRateCashEISATest.java:160)
	at sun.reflect.NativeMethodAccessorImpl.invoke0(Native Method)
	at sun.reflect.NativeMethodAccessorImpl.invoke(NativeMethodAccessorImpl.java:62)
	at sun.reflect.DelegatingMethodAccessorImpl.invoke(DelegatingMethodAccessorImpl.java:43)
	at java.lang.reflect.Method.invoke(Method.java:498)
	at org.testng.internal.MethodInvocationHelper.invokeMethod(MethodInvocationHelper.java:104)
	at org.testng.internal.Invoker.invokeConfigurationMethod(Invoker.java:515)
	at org.testng.internal.Invoker.invokeConfigurations(Invoker.java:217)
	at org.testng.internal.Invoker.invokeMethod(Invoker.java:712)
	at org.testng.internal.Invoker.invokeTestMethod(Invoker.java:851)
	at org.testng.internal.Invoker.invokeTestMethods(Invoker.java:1177)
	at org.testng.internal.TestMethodWorker.invokeTestMethods(TestMethodWorker.java:129)
	at org.testng.internal.TestMethodWorker.run(TestMethodWorker.java:112)
	at org.testng.TestRunner.privateRun(TestRunner.java:756)
	at org.testng.TestRunner.run(TestRunner.java:610)
	at org.testng.SuiteRunner.runTest(SuiteRunner.java:387)
	at org.testng.SuiteRunner.runSequentially(SuiteRunner.java:382)
	at org.testng.SuiteRunner.privateRun(SuiteRunner.java:340)
	at org.testng.SuiteRunner.run(SuiteRunner.java:289)
	at org.testng.SuiteRunnerWorker.runSuite(SuiteRunnerWorker.java:52)
	at org.testng.SuiteRunnerWorker.run(SuiteRunnerWorker.java:86)
	at org.testng.TestNG.runSuitesSequentially(TestNG.java:1293)
	at org.testng.TestNG.runSuitesLocally(TestNG.java:1218)
	at org.testng.TestNG.runSuites(TestNG.java:1133)
	at org.testng.TestNG.run(TestNG.java:1104)
	at org.testng.remote.AbstractRemoteTestNG.run(AbstractRemoteTestNG.java:115)
	at org.testng.remote.RemoteTestNG.initAndRun(RemoteTestNG.java:251)
	at org.testng.remote.RemoteTestNG.main(RemoteTestNG.java:77)
]]>
    </error>
  </testcase> <!-- cleanUp -->
</testsuite> <!-- com.virginmoney.OneYrFixedRateCashEISATest -->
